number,value,datetime_start,datetime_complete,duration,params_learning_rate,params_num_train_epochs,state
0,0.43175618678135147,2024-04-02 01:57:46.656475,2024-04-02 01:59:28.302312,0 days 00:01:41.645837,4.651212868423436e-06,23,COMPLETE
1,0.4181695580894125,2024-04-02 01:59:28.303011,2024-04-02 02:01:10.472139,0 days 00:01:42.169128,1.5426782570118052e-06,23,COMPLETE
2,0.37223825631946855,2024-04-02 02:01:10.472977,2024-04-02 02:02:10.846261,0 days 00:01:00.373284,4.5853629600556683e-05,14,COMPLETE
3,0.4169673006542496,2024-04-02 02:02:10.846949,2024-04-02 02:03:41.055868,0 days 00:01:30.208919,3.6131558786291056e-06,21,COMPLETE
4,0.4269879277454154,2024-04-02 02:03:41.056464,2024-04-02 02:04:37.192333,0 days 00:00:56.135869,6.8086789575512155e-06,13,COMPLETE
5,0.42160970980282403,2024-04-02 02:04:37.192979,2024-04-02 02:05:25.018121,0 days 00:00:47.825142,1.131885756200013e-05,11,COMPLETE
6,0.4198451500274667,2024-04-02 02:05:25.018831,2024-04-02 02:07:02.504881,0 days 00:01:37.486050,1.2056355317729317e-06,22,COMPLETE
7,0.4278330262621636,2024-04-02 02:07:02.505550,2024-04-02 02:09:13.842508,0 days 00:02:11.336958,1.7474230037125266e-06,30,COMPLETE
8,0.42159696978122174,2024-04-02 02:09:13.843180,2024-04-02 02:10:22.796679,0 days 00:01:08.953499,4.5931138365246e-06,16,COMPLETE
9,0.4225994473156214,2024-04-02 02:10:22.797271,2024-04-02 02:11:31.733354,0 days 00:01:08.936083,9.039728641431607e-06,16,COMPLETE
10,0.4236108585592742,2024-04-02 02:11:31.733949,2024-04-02 02:13:26.162458,0 days 00:01:54.428509,5.461194356156045e-07,26,COMPLETE
11,0.42362838658331414,2024-04-02 02:13:26.163362,2024-04-02 02:15:37.659639,0 days 00:02:11.496277,2.398382099999532e-06,30,COMPLETE
12,0.4320598768084802,2024-04-02 02:15:37.660258,2024-04-02 02:17:49.122107,0 days 00:02:11.461849,1.4815772689702545e-05,30,COMPLETE
13,0.4215758987833751,2024-04-02 02:17:49.122919,2024-04-02 02:19:43.443643,0 days 00:01:54.320724,2.1290332023103636e-05,26,COMPLETE
14,0.42155163132209017,2024-04-02 02:19:43.444432,2024-04-02 02:21:42.057370,0 days 00:01:58.612938,1.503896046441063e-05,27,COMPLETE
15,0.42155163132209017,2024-04-02 02:21:42.058442,2024-04-02 02:23:27.884274,0 days 00:01:45.825832,2.7712411863242382e-05,24,COMPLETE
16,0.41682602301117805,2024-04-02 02:23:27.884999,2024-04-02 02:24:49.688073,0 days 00:01:21.803074,5.56230303779723e-06,19,COMPLETE
17,0.41682602301117805,2024-04-02 02:24:49.688776,2024-04-02 02:26:11.483916,0 days 00:01:21.795140,4.848419456126266e-05,19,COMPLETE
18,0.4183839675940731,2024-04-02 02:26:11.484533,2024-04-02 02:28:14.114422,0 days 00:02:02.629889,1.798968592164041e-05,28,COMPLETE
19,0.4183839675940731,2024-04-02 02:28:14.114992,2024-04-02 02:29:59.925315,0 days 00:01:45.810323,3.0132217693906447e-06,24,COMPLETE
20,0.4183839675940731,2024-04-02 02:29:59.926288,2024-04-02 02:32:02.748286,0 days 00:02:02.821998,8.863997272728282e-06,28,COMPLETE
21,0.4183839675940731,2024-04-02 02:32:02.748999,2024-04-02 02:34:14.347531,0 days 00:02:11.598532,1.936062368693077e-06,30,COMPLETE
22,0.4183839675940731,2024-04-02 02:34:14.348130,2024-04-02 02:36:25.865849,0 days 00:02:11.517719,1.1369483209563811e-06,30,COMPLETE
23,0.4183839675940731,2024-04-02 02:36:25.866622,2024-04-02 02:38:28.860585,0 days 00:02:02.993963,6.39546048908245e-07,28,COMPLETE
24,0.4183839675940731,2024-04-02 02:38:28.861143,2024-04-02 02:40:19.014766,0 days 00:01:50.153623,3.6781494077840706e-06,25,COMPLETE
25,0.4183839675940731,2024-04-02 02:40:19.015334,2024-04-02 02:42:26.241968,0 days 00:02:07.226634,7.824773212094103e-07,29,COMPLETE
26,0.4183839675940731,2024-04-02 02:42:26.242579,2024-04-02 02:43:52.393529,0 days 00:01:26.150950,3.015916760524412e-05,20,COMPLETE
27,0.4183839675940731,2024-04-02 02:43:52.394241,2024-04-02 02:45:47.034304,0 days 00:01:54.640063,2.207107686961343e-06,26,COMPLETE
28,0.4183839675940731,2024-04-02 02:45:47.035108,2024-04-02 02:47:00.217339,0 days 00:01:13.182231,6.037862027967143e-06,17,COMPLETE
29,0.4183839675940731,2024-04-02 02:47:00.217830,2024-04-02 02:48:41.927153,0 days 00:01:41.709323,9.557868124484212e-07,23,COMPLETE
30,0.4183839675940731,2024-04-02 02:48:41.927828,2024-04-02 02:50:44.935402,0 days 00:02:03.007574,1.6408642488529113e-06,28,COMPLETE
31,0.4183839675940731,2024-04-02 02:50:44.935976,2024-04-02 02:51:28.493656,0 days 00:00:43.557680,7.048250153844997e-06,10,COMPLETE
32,0.4183839675940731,2024-04-02 02:51:28.494123,2024-04-02 02:52:24.670725,0 days 00:00:56.176602,1.2392100539993537e-05,13,COMPLETE
33,0.4183839675940731,2024-04-02 02:52:24.671517,2024-04-02 02:53:16.729460,0 days 00:00:52.057943,8.122882729735597e-06,12,COMPLETE
34,0.4183839675940731,2024-04-02 02:53:16.730310,2024-04-02 02:54:34.301808,0 days 00:01:17.571498,4.246681558023698e-06,18,COMPLETE
35,0.4183839675940731,2024-04-02 02:54:34.302526,2024-04-02 02:55:39.126995,0 days 00:01:04.824469,2.981086065674312e-06,15,COMPLETE
36,0.4183839675940731,2024-04-02 02:55:39.127697,2024-04-02 02:57:16.699548,0 days 00:01:37.571851,1.3433815144477337e-05,22,COMPLETE
37,0.4183839675940731,2024-04-02 02:57:16.700259,2024-04-02 02:58:47.162732,0 days 00:01:30.462473,1.0256732713478815e-05,21,COMPLETE
38,0.4183839675940731,2024-04-02 02:58:47.163345,2024-04-02 02:59:47.679287,0 days 00:01:00.515942,6.369253160441203e-06,14,COMPLETE
39,0.4183839675940731,2024-04-02 02:59:47.680317,2024-04-02 03:01:55.114577,0 days 00:02:07.434260,4.8046839549272435e-06,29,COMPLETE
40,0.4183839675940731,2024-04-02 03:01:55.115325,2024-04-02 03:02:38.858204,0 days 00:00:43.742879,1.3558389801593112e-06,10,COMPLETE
41,0.4183839675940731,2024-04-02 03:02:38.858940,2024-04-02 03:04:51.287294,0 days 00:02:12.428354,2.602407870131094e-06,30,COMPLETE
42,0.4183839675940731,2024-04-02 03:04:51.288053,2024-04-02 03:06:50.276807,0 days 00:01:58.988754,3.5581677812646614e-06,27,COMPLETE
43,0.4183839675940731,2024-04-02 03:06:50.277595,2024-04-02 03:08:57.866180,0 days 00:02:07.588585,1.9621832304306718e-06,29,COMPLETE
44,0.4183839675940731,2024-04-02 03:08:57.866842,2024-04-02 03:10:56.670824,0 days 00:01:58.803982,2.497149472588702e-06,27,COMPLETE
45,0.4183839675940731,2024-04-02 03:10:56.671557,2024-04-02 03:12:47.015729,0 days 00:01:50.344172,3.452002284957346e-05,25,COMPLETE
46,0.4183839675940731,2024-04-02 03:12:47.016362,2024-04-02 03:14:58.531413,0 days 00:02:11.515051,1.8873490899970112e-05,30,COMPLETE
47,0.4183839675940731,2024-04-02 03:14:58.532256,2024-04-02 03:17:06.001118,0 days 00:02:07.468862,1.6824207693642308e-06,29,COMPLETE
48,0.4183839675940731,2024-04-02 03:17:06.001841,2024-04-02 03:18:15.145092,0 days 00:01:09.143251,4.0743382563353335e-06,16,COMPLETE
49,0.4183839675940731,2024-04-02 03:18:15.145669,2024-04-02 03:20:01.003287,0 days 00:01:45.857618,4.953786307501842e-06,24,COMPLETE
50,0.4183839675940731,2024-04-02 03:20:01.004157,2024-04-02 03:21:55.611491,0 days 00:01:54.607334,1.572006928173674e-05,26,COMPLETE
51,0.4183839675940731,2024-04-02 03:21:55.612169,2024-04-02 03:23:37.524997,0 days 00:01:41.912828,5.299323915502129e-07,23,COMPLETE
52,0.4183839675940731,2024-04-02 03:23:37.525730,2024-04-02 03:25:32.231898,0 days 00:01:54.706168,8.033800705815137e-06,26,COMPLETE
53,0.4183839675940731,2024-04-02 03:25:32.232736,2024-04-02 03:27:35.295082,0 days 00:02:03.062346,1.224165577665767e-06,28,COMPLETE
54,0.4183839675940731,2024-04-02 03:27:35.295819,2024-04-02 03:29:46.905801,0 days 00:02:11.609982,8.697060240237155e-07,30,COMPLETE
55,0.4183839675940731,2024-04-02 03:29:46.906463,2024-04-02 03:31:17.490766,0 days 00:01:30.584303,2.264036624298473e-05,21,COMPLETE
56,0.4183839675940731,2024-04-02 03:31:17.491494,2024-04-02 03:33:24.937903,0 days 00:02:07.446409,3.2634004133030473e-06,29,COMPLETE
57,0.4183839675940731,2024-04-02 03:33:24.938656,2024-04-02 03:35:15.377838,0 days 00:01:50.439182,6.75476492612552e-07,25,COMPLETE
58,0.4183839675940731,2024-04-02 03:35:15.378659,2024-04-02 03:37:14.365644,0 days 00:01:58.986985,1.0846755593601666e-05,27,COMPLETE
59,0.4183839675940731,2024-04-02 03:37:14.366398,2024-04-02 03:38:51.958991,0 days 00:01:37.592593,9.909641428491303e-07,22,COMPLETE
60,0.4183839675940731,2024-04-02 03:38:51.959767,2024-04-02 03:40:54.756807,0 days 00:02:02.797040,5.08532679565393e-07,28,COMPLETE
61,0.4183839675940731,2024-04-02 03:40:54.757483,2024-04-02 03:41:55.293093,0 days 00:01:00.535610,9.313905706469484e-06,14,COMPLETE
62,0.4183839675940731,2024-04-02 03:41:55.294448,2024-04-02 03:43:17.173922,0 days 00:01:21.879474,5.540491284452004e-06,19,COMPLETE
63,0.4183839675940731,2024-04-02 03:43:17.174577,2024-04-02 03:44:09.281926,0 days 00:00:52.107349,7.342977390942628e-06,12,COMPLETE
64,0.4183839675940731,2024-04-02 03:44:09.282564,2024-04-02 03:45:22.644152,0 days 00:01:13.361588,6.317658633682335e-06,17,COMPLETE
65,0.4183839675940731,2024-04-02 03:45:22.644827,2024-04-02 03:46:10.503237,0 days 00:00:47.858410,1.503925209225531e-05,11,COMPLETE
66,0.4183839675940731,2024-04-02 03:46:10.504049,2024-04-02 03:47:15.365954,0 days 00:01:04.861905,1.1854792868546609e-05,15,COMPLETE
67,0.4183839675940731,2024-04-02 03:47:15.366729,2024-04-02 03:49:27.043827,0 days 00:02:11.677098,1.4674838729251492e-06,30,COMPLETE
68,0.4183839675940731,2024-04-02 03:49:27.044595,2024-04-02 03:51:08.982993,0 days 00:01:41.938398,9.517488309304998e-06,23,COMPLETE
69,0.4183839675940731,2024-04-02 03:51:08.983721,2024-04-02 03:53:16.687990,0 days 00:02:07.704269,2.5838838602856642e-06,29,COMPLETE
70,0.4183839675940731,2024-04-02 03:53:16.688624,2024-04-02 03:54:34.459361,0 days 00:01:17.770737,1.892636830276558e-06,18,COMPLETE
71,0.4183839675940731,2024-04-02 03:54:34.460220,2024-04-02 03:55:22.295515,0 days 00:00:47.835295,7.325413836898846e-06,11,COMPLETE
72,0.4183839675940731,2024-04-02 03:55:22.296189,2024-04-02 03:56:18.537586,0 days 00:00:56.241397,1.3277901888980138e-05,13,COMPLETE
73,0.4183839675940731,2024-04-02 03:56:18.538252,2024-04-02 03:57:06.341942,0 days 00:00:47.803690,1.6926691767502998e-05,11,COMPLETE
74,0.4183839675940731,2024-04-02 03:57:06.342576,2024-04-02 03:57:58.375406,0 days 00:00:52.032830,5.798753961000157e-06,12,COMPLETE
75,0.4183839675940731,2024-04-02 03:57:58.376177,2024-04-02 03:59:24.673278,0 days 00:01:26.297101,1.0763770455911286e-05,20,COMPLETE
76,0.4183839675940731,2024-04-02 03:59:24.674010,2024-04-02 04:00:08.363401,0 days 00:00:43.689391,4.468859878455326e-06,10,COMPLETE
77,0.4183839675940731,2024-04-02 04:00:08.364070,2024-04-02 04:01:54.374152,0 days 00:01:46.010082,2.0787230977212064e-05,24,COMPLETE
78,0.4183839675940731,2024-04-02 04:01:54.375108,2024-04-02 04:02:50.626645,0 days 00:00:56.251537,8.484098855205275e-06,13,COMPLETE
79,0.4183839675940731,2024-04-02 04:02:50.627378,2024-04-02 04:04:49.373918,0 days 00:01:58.746540,3.8946891815292116e-06,27,COMPLETE
80,0.4183839675940731,2024-04-02 04:04:49.374447,2024-04-02 04:05:54.335726,0 days 00:01:04.961279,2.285259137996409e-06,15,COMPLETE
81,0.4183839675940731,2024-04-02 04:05:54.336584,2024-04-02 04:07:03.582163,0 days 00:01:09.245579,3.0227925732284792e-06,16,COMPLETE
82,0.4183839675940731,2024-04-02 04:07:03.582895,2024-04-02 04:09:15.146331,0 days 00:02:11.563436,5.34324396702149e-06,30,COMPLETE
83,0.4183839675940731,2024-04-02 04:09:15.147009,2024-04-02 04:10:24.184263,0 days 00:01:09.037254,7.018058680867505e-06,16,COMPLETE
84,0.4183839675940731,2024-04-02 04:10:24.185146,2024-04-02 04:12:27.360344,0 days 00:02:03.175198,1.2535111466768103e-05,28,COMPLETE
85,0.4183839675940731,2024-04-02 04:12:27.361182,2024-04-02 04:13:27.905747,0 days 00:01:00.544565,9.543485892360814e-06,14,COMPLETE
86,0.4183839675940731,2024-04-02 04:13:27.906599,2024-04-02 04:14:24.243171,0 days 00:00:56.336572,4.507520012500274e-06,13,COMPLETE
87,0.4183839675940731,2024-04-02 04:14:24.243938,2024-04-02 04:15:37.512872,0 days 00:01:13.268934,3.4103671145697185e-06,17,COMPLETE
88,0.4183839675940731,2024-04-02 04:15:37.513703,2024-04-02 04:16:55.025898,0 days 00:01:17.512195,6.580430802452294e-07,18,COMPLETE
89,0.4183839675940731,2024-04-02 04:16:55.026632,2024-04-02 04:18:25.392095,0 days 00:01:30.365463,5.013423814613091e-06,21,COMPLETE
90,0.41994200780290164,2024-04-02 04:18:25.392784,2024-04-02 04:20:32.913420,0 days 00:02:07.520636,7.742453000338702e-06,29,COMPLETE
91,0.41994200780290164,2024-04-02 04:20:32.914127,2024-04-02 04:21:59.110299,0 days 00:01:26.196172,2.4890430512875783e-05,20,COMPLETE
92,0.417260779188276,2024-04-02 04:21:59.111192,2024-04-02 04:23:49.589821,0 days 00:01:50.478629,3.393397604465652e-05,25,COMPLETE
93,0.417260779188276,2024-04-02 04:23:49.590636,2024-04-02 04:25:43.965872,0 days 00:01:54.375236,1.4112495539342665e-05,26,COMPLETE
94,0.417260779188276,2024-04-02 04:25:43.966569,2024-04-02 04:27:21.521978,0 days 00:01:37.555409,1.1409500371315242e-05,22,COMPLETE
95,0.41994200780290164,2024-04-02 04:27:21.522832,2024-04-02 04:29:33.252794,0 days 00:02:11.729962,2.7262110501253622e-05,30,COMPLETE
96,0.41994200780290164,2024-04-02 04:29:33.253607,2024-04-02 04:31:40.944400,0 days 00:02:07.690793,1.911742987646452e-05,29,COMPLETE
97,0.41994200780290164,2024-04-02 04:31:40.945114,2024-04-02 04:33:40.039806,0 days 00:01:59.094692,1.1010558010902842e-06,27,COMPLETE
98,0.41994200780290164,2024-04-02 04:33:40.040637,2024-04-02 04:35:21.848204,0 days 00:01:41.807567,6.513612531893265e-06,23,COMPLETE
99,0.41994200780290164,2024-04-02 04:35:21.848924,2024-04-02 04:36:13.905085,0 days 00:00:52.056161,8.309755560666521e-07,12,COMPLETE
